TN:
SF:/media/omn0mn0m/DATA/Documents/GitHub/Balloon-Catheterization/src/main.cpp
FN:59,_Z5setupv
FN:178,_Z7ir_initP9ir_sensor
FN:211,_Z18get_moving_averageP9ir_sensor
FN:218,_Z9write_outc
FN:227,_Z19get_available_bytesv
FN:236,_Z7read_inv
FNDA:128,_Z7read_inv
FNDA:1,_Z19get_available_bytesv
FNDA:1,_Z5setupv
FNDA:3,_Z18get_moving_averageP9ir_sensor
FNDA:128,_Z9write_outc
FNDA:8,_Z7ir_initP9ir_sensor
FNF:6
FNH:6
DA:59,1
DA:62,1
DA:67,1
DA:68,1
DA:69,1
DA:70,1
DA:71,1
DA:72,1
DA:75,1
DA:76,1
DA:81,1
DA:178,8
DA:179,8
DA:181,72
DA:182,64
DA:184,64
DA:189,64
DA:192,8
DA:193,8
DA:196,8
DA:200,8
DA:211,3
DA:212,3
DA:214,3
DA:218,128
DA:220,128
DA:224,128
DA:227,1
DA:229,1
DA:236,128
DA:238,128
LF:31
LH:31
end_of_record
TN:
SF:/media/omn0mn0m/DATA/Documents/GitHub/Balloon-Catheterization/test/mock/Arduino.h
FN:10,_Z10analogReadi
FN:13,_Z11set_pin_valii
FN:15,_Z5delayi
FNDA:4,_Z11set_pin_valii
FNDA:64,_Z5delayi
FNDA:67,_Z10analogReadi
FNF:3
FNH:3
DA:10,67
DA:13,4
DA:15,64
LF:3
LH:3
end_of_record
TN:
SF:/media/omn0mn0m/DATA/Documents/GitHub/Balloon-Catheterization/test/mock/BluetoothSerial.h
FN:8,_ZN15BluetoothSerialC2Ev
FN:15,_ZN15BluetoothSerial5beginEPKc
FN:17,_ZN15BluetoothSerial7printlnEPKc
FN:19,_ZN15BluetoothSerial7printlnEj
FN:21,_ZN15BluetoothSerial5printEc
FN:23,_ZN15BluetoothSerial9availableEv
FN:25,_ZN15BluetoothSerial5writeEc
FN:27,_ZN15BluetoothSerial4readEv
FN:30,_ZN15BluetoothSerial11set_data_inEc
FN:32,_ZN15BluetoothSerial19set_available_bytesEi
FN:34,_ZN15BluetoothSerial12get_data_outEv
FNDA:1,_ZN15BluetoothSerial19set_available_bytesEi
FNDA:128,_ZN15BluetoothSerial12get_data_outEv
FNDA:64,_ZN15BluetoothSerial7printlnEj
FNDA:128,_ZN15BluetoothSerial11set_data_inEc
FNDA:9,_ZN15BluetoothSerial7printlnEPKc
FNDA:1,_ZN15BluetoothSerial5printEc
FNDA:128,_ZN15BluetoothSerial5writeEc
FNDA:128,_ZN15BluetoothSerial4readEv
FNDA:1,_ZN15BluetoothSerialC2Ev
FNDA:1,_ZN15BluetoothSerial5beginEPKc
FNDA:1,_ZN15BluetoothSerial9availableEv
FNF:11
FNH:11
DA:8,1
DA:15,1
DA:17,9
DA:19,64
DA:21,1
DA:23,1
DA:25,128
DA:27,128
DA:30,128
DA:32,1
DA:34,128
LF:11
LH:11
end_of_record
TN:
SF:/media/omn0mn0m/DATA/Documents/GitHub/Balloon-Catheterization/test/mock/Serial.h
FN:6,_ZN14HardwareSerialC2Ev
FNDA:2,_ZN14HardwareSerialC2Ev
FNF:1
FNH:1
DA:6,2
LF:1
LH:1
end_of_record
TN:
SF:/media/omn0mn0m/DATA/Documents/GitHub/Balloon-Catheterization/test/test_main.cpp
FN:13,_ZL29____C_A_T_C_H____T_E_S_T____0v
FN:23,_ZL29____C_A_T_C_H____T_E_S_T____2v
FN:39,_ZL29____C_A_T_C_H____T_E_S_T____4v
FN:49,_ZL29____C_A_T_C_H____T_E_S_T____6v
FN:57,_ZL29____C_A_T_C_H____T_E_S_T____8v
FN:65,_ZL30____C_A_T_C_H____T_E_S_T____10v
FNDA:1,_ZL29____C_A_T_C_H____T_E_S_T____4v
FNDA:1,_ZL29____C_A_T_C_H____T_E_S_T____8v
FNDA:1,_ZL29____C_A_T_C_H____T_E_S_T____0v
FNDA:1,_ZL30____C_A_T_C_H____T_E_S_T____10v
FNDA:1,_ZL29____C_A_T_C_H____T_E_S_T____6v
FNDA:1,_ZL29____C_A_T_C_H____T_E_S_T____2v
FNF:6
FNH:6
DA:13,1
DA:14,1
DA:16,1
DA:18,2
DA:19,2
DA:20,2
DA:21,1
DA:23,1
DA:24,1
DA:26,1
DA:27,1
DA:28,2
DA:30,1
DA:32,1
DA:33,2
DA:35,1
DA:36,2
DA:37,1
DA:39,1
DA:40,1
DA:42,1
DA:44,2
DA:45,2
DA:46,2
DA:47,1
DA:49,1
DA:50,129
DA:51,128
DA:53,256
DA:55,1
DA:57,1
DA:58,129
DA:59,128
DA:61,256
DA:63,1
DA:65,1
DA:66,1
DA:68,2
DA:69,1
LF:39
LH:39
end_of_record
